2013-10-15T16:40:39Z 7609 TID-agyu0 INFO: Booting Sidekiq 2.15.1 using redis://localhost:6379/0 with options {}
2013-10-15T16:40:39Z 7609 TID-agyu0 INFO: Running in ruby 1.9.2p320 (2012-04-20 revision 35421) [x86_64-linux]
2013-10-15T16:40:39Z 7609 TID-agyu0 INFO: See LICENSE and the LGPL-3.0 for licensing details.
2013-10-15T16:40:39Z 7609 TID-agyu0 INFO: Starting processing, hit Ctrl-C to stop
2013-10-31T15:25:08Z 7609 TID-ou0eewpb0 WARN: {"retry"=>true, "queue"=>"default", "class"=>"FBconnect", "args"=>[nil], "jid"=>"d0f1c4669c4f3d06efa1a415", "enqueued_at"=>1383233107.7692652}
2013-10-31T15:25:08Z 7609 TID-ou0eewpb0 WARN: uninitialized constant FBconnect
2013-10-31T15:25:08Z 7609 TID-ou0eewpb0 WARN: /usr/local/rvm/gems/ruby-1.9.2-p320/gems/activesupport-3.2.11/lib/active_support/inflector/methods.rb:230:in `block in constantize'
/usr/local/rvm/gems/ruby-1.9.2-p320/gems/activesupport-3.2.11/lib/active_support/inflector/methods.rb:229:in `each'
/usr/local/rvm/gems/ruby-1.9.2-p320/gems/activesupport-3.2.11/lib/active_support/inflector/methods.rb:229:in `constantize'
/usr/local/rvm/gems/ruby-1.9.2-p320/gems/activesupport-3.2.11/lib/active_support/core_ext/string/inflections.rb:54:in `constantize'
/usr/local/rvm/gems/ruby-1.9.2-p320/gems/sidekiq-2.15.1/lib/sidekiq/processor.rb:42:in `block in process'
/usr/local/rvm/gems/ruby-1.9.2-p320/gems/celluloid-0.15.2/lib/celluloid/calls.rb:25:in `call'
/usr/local/rvm/gems/ruby-1.9.2-p320/gems/celluloid-0.15.2/lib/celluloid/calls.rb:25:in `public_send'
/usr/local/rvm/gems/ruby-1.9.2-p320/gems/celluloid-0.15.2/lib/celluloid/calls.rb:25:in `dispatch'
/usr/local/rvm/gems/ruby-1.9.2-p320/gems/celluloid-0.15.2/lib/celluloid/calls.rb:67:in `dispatch'
/usr/local/rvm/gems/ruby-1.9.2-p320/gems/celluloid-0.15.2/lib/celluloid/future.rb:14:in `block in new'
/usr/local/rvm/gems/ruby-1.9.2-p320/gems/celluloid-0.15.2/lib/celluloid/thread_handle.rb:13:in `block in initialize'
/usr/local/rvm/gems/ruby-1.9.2-p320/gems/celluloid-0.15.2/lib/celluloid/internal_pool.rb:100:in `call'
/usr/local/rvm/gems/ruby-1.9.2-p320/gems/celluloid-0.15.2/lib/celluloid/internal_pool.rb:100:in `block in create'
2013-10-31T15:38:27Z 7609 TID-ou0eewpb0 WARN: {"retry"=>true, "queue"=>"default", "class"=>"FBconnect", "args"=>[nil], "jid"=>"2aad2e95e23ba77ddc93be2c", "enqueued_at"=>1383233907.2780924}
2013-10-31T15:38:27Z 7609 TID-ou0eewpb0 WARN: uninitialized constant FBconnect
2013-10-31T15:38:27Z 7609 TID-ou0eewpb0 WARN: /usr/local/rvm/gems/ruby-1.9.2-p320/gems/activesupport-3.2.11/lib/active_support/inflector/methods.rb:230:in `block in constantize'
/usr/local/rvm/gems/ruby-1.9.2-p320/gems/activesupport-3.2.11/lib/active_support/inflector/methods.rb:229:in `each'
/usr/local/rvm/gems/ruby-1.9.2-p320/gems/activesupport-3.2.11/lib/active_support/inflector/methods.rb:229:in `constantize'
/usr/local/rvm/gems/ruby-1.9.2-p320/gems/activesupport-3.2.11/lib/active_support/core_ext/string/inflections.rb:54:in `constantize'
/usr/local/rvm/gems/ruby-1.9.2-p320/gems/sidekiq-2.15.1/lib/sidekiq/processor.rb:42:in `block in process'
/usr/local/rvm/gems/ruby-1.9.2-p320/gems/celluloid-0.15.2/lib/celluloid/calls.rb:25:in `call'
/usr/local/rvm/gems/ruby-1.9.2-p320/gems/celluloid-0.15.2/lib/celluloid/calls.rb:25:in `public_send'
/usr/local/rvm/gems/ruby-1.9.2-p320/gems/celluloid-0.15.2/lib/celluloid/calls.rb:25:in `dispatch'
/usr/local/rvm/gems/ruby-1.9.2-p320/gems/celluloid-0.15.2/lib/celluloid/calls.rb:67:in `dispatch'
/usr/local/rvm/gems/ruby-1.9.2-p320/gems/celluloid-0.15.2/lib/celluloid/future.rb:14:in `block in new'
/usr/local/rvm/gems/ruby-1.9.2-p320/gems/celluloid-0.15.2/lib/celluloid/thread_handle.rb:13:in `block in initialize'
/usr/local/rvm/gems/ruby-1.9.2-p320/gems/celluloid-0.15.2/lib/celluloid/internal_pool.rb:100:in `call'
/usr/local/rvm/gems/ruby-1.9.2-p320/gems/celluloid-0.15.2/lib/celluloid/internal_pool.rb:100:in `block in create'
2013-10-31T15:48:40Z 7609 TID-ou0eewpb0 WARN: {"retry"=>true, "queue"=>"default", "class"=>"FBconnect", "args"=>[nil], "jid"=>"4b6b3cea78f20f98d139d054", "enqueued_at"=>1383234385.25254, "error_message"=>"undefined method `connect' for nil:NilClass", "error_class"=>"NoMethodError", "failed_at"=>"2013-10-31T15:46:25Z", "retry_count"=>2, "retried_at"=>"2013-10-31T15:47:57Z"}
2013-10-31T15:48:40Z 7609 TID-ou0eewpb0 WARN: uninitialized constant FBconnect
2013-10-31T15:48:40Z 7609 TID-ou0eewpb0 WARN: /usr/local/rvm/gems/ruby-1.9.2-p320/gems/activesupport-3.2.11/lib/active_support/inflector/methods.rb:230:in `block in constantize'
/usr/local/rvm/gems/ruby-1.9.2-p320/gems/activesupport-3.2.11/lib/active_support/inflector/methods.rb:229:in `each'
/usr/local/rvm/gems/ruby-1.9.2-p320/gems/activesupport-3.2.11/lib/active_support/inflector/methods.rb:229:in `constantize'
/usr/local/rvm/gems/ruby-1.9.2-p320/gems/activesupport-3.2.11/lib/active_support/core_ext/string/inflections.rb:54:in `constantize'
/usr/local/rvm/gems/ruby-1.9.2-p320/gems/sidekiq-2.15.1/lib/sidekiq/processor.rb:42:in `block in process'
/usr/local/rvm/gems/ruby-1.9.2-p320/gems/celluloid-0.15.2/lib/celluloid/calls.rb:25:in `call'
/usr/local/rvm/gems/ruby-1.9.2-p320/gems/celluloid-0.15.2/lib/celluloid/calls.rb:25:in `public_send'
/usr/local/rvm/gems/ruby-1.9.2-p320/gems/celluloid-0.15.2/lib/celluloid/calls.rb:25:in `dispatch'
/usr/local/rvm/gems/ruby-1.9.2-p320/gems/celluloid-0.15.2/lib/celluloid/calls.rb:67:in `dispatch'
/usr/local/rvm/gems/ruby-1.9.2-p320/gems/celluloid-0.15.2/lib/celluloid/future.rb:14:in `block in new'
/usr/local/rvm/gems/ruby-1.9.2-p320/gems/celluloid-0.15.2/lib/celluloid/thread_handle.rb:13:in `block in initialize'
/usr/local/rvm/gems/ruby-1.9.2-p320/gems/celluloid-0.15.2/lib/celluloid/internal_pool.rb:100:in `call'
/usr/local/rvm/gems/ruby-1.9.2-p320/gems/celluloid-0.15.2/lib/celluloid/internal_pool.rb:100:in `block in create'
2013-10-31T15:49:25Z 7609 TID-ou0eewpb0 WARN: {"retry"=>true, "queue"=>"default", "class"=>"FBconnect", "args"=>[{"fd"=>nil, "status"=>1, "xmlcbs"=>[], "stanzacbs"=>[], "messagecbs"=>[], "iqcbs"=>[], "presencecbs"=>[], "send_lock"=>{}, "last_send"=>"2013-11-01T00:49:25+09:00", "exception_block"=>nil, "tbcbmutex"=>{}, "threadblocks"=>[], "wakeup_thread"=>nil, "streamid"=>nil, "streamns"=>"jabber:client", "features_sem"=>{"tickets"=>0, "lock"=>{}, "cond"=>{"waiters"=>[], "waiters_mutex"=>{}}}, "parser_thread"=>nil, "processing"=>0, "host"=>nil, "port"=>nil, "allow_tls"=>"constant", "tls"=>false, "ssl_capath"=>nil, "ssl_verifycb"=>nil, "features_timeout"=>10, "keepalive_interval"=>60, "use_ssl"=>false, "jid"=>{"resource"=>nil, "domain"=>"chat.facebook.com", "node"=>"-100002734181687"}, "authenticated"=>false}], "jid"=>"f7b20d865385ae59894495fe", "enqueued_at"=>1383234565.6627758}
2013-10-31T15:49:25Z 7609 TID-ou0eewpb0 WARN: uninitialized constant FBconnect
2013-10-31T15:49:25Z 7609 TID-ou0eewpb0 WARN: /usr/local/rvm/gems/ruby-1.9.2-p320/gems/activesupport-3.2.11/lib/active_support/inflector/methods.rb:230:in `block in constantize'
/usr/local/rvm/gems/ruby-1.9.2-p320/gems/activesupport-3.2.11/lib/active_support/inflector/methods.rb:229:in `each'
/usr/local/rvm/gems/ruby-1.9.2-p320/gems/activesupport-3.2.11/lib/active_support/inflector/methods.rb:229:in `constantize'
/usr/local/rvm/gems/ruby-1.9.2-p320/gems/activesupport-3.2.11/lib/active_support/core_ext/string/inflections.rb:54:in `constantize'
/usr/local/rvm/gems/ruby-1.9.2-p320/gems/sidekiq-2.15.1/lib/sidekiq/processor.rb:42:in `block in process'
/usr/local/rvm/gems/ruby-1.9.2-p320/gems/celluloid-0.15.2/lib/celluloid/calls.rb:25:in `call'
/usr/local/rvm/gems/ruby-1.9.2-p320/gems/celluloid-0.15.2/lib/celluloid/calls.rb:25:in `public_send'
/usr/local/rvm/gems/ruby-1.9.2-p320/gems/celluloid-0.15.2/lib/celluloid/calls.rb:25:in `dispatch'
/usr/local/rvm/gems/ruby-1.9.2-p320/gems/celluloid-0.15.2/lib/celluloid/calls.rb:67:in `dispatch'
/usr/local/rvm/gems/ruby-1.9.2-p320/gems/celluloid-0.15.2/lib/celluloid/future.rb:14:in `block in new'
/usr/local/rvm/gems/ruby-1.9.2-p320/gems/celluloid-0.15.2/lib/celluloid/thread_handle.rb:13:in `block in initialize'
/usr/local/rvm/gems/ruby-1.9.2-p320/gems/celluloid-0.15.2/lib/celluloid/internal_pool.rb:100:in `call'
/usr/local/rvm/gems/ruby-1.9.2-p320/gems/celluloid-0.15.2/lib/celluloid/internal_pool.rb:100:in `block in create'
2013-10-31T16:03:47Z 7609 TID-zk6cw ERROR: Error fetching message: Error connecting to Redis on localhost:6379 (ECONNREFUSED)
2013-10-31T16:03:47Z 7609 TID-zk6cw ERROR: /usr/local/rvm/gems/ruby-1.9.2-p320/gems/redis-3.0.5/lib/redis/client.rb:278:in `rescue in establish_connection'
2013-10-31T16:03:47Z 7609 TID-zk6cw ERROR: /usr/local/rvm/gems/ruby-1.9.2-p320/gems/redis-3.0.5/lib/redis/client.rb:273:in `establish_connection'
2013-10-31T16:03:47Z 7609 TID-zk6cw ERROR: /usr/local/rvm/gems/ruby-1.9.2-p320/gems/redis-3.0.5/lib/redis/client.rb:69:in `connect'
2013-10-31T16:03:47Z 7609 TID-zk6cw ERROR: /usr/local/rvm/gems/ruby-1.9.2-p320/gems/redis-3.0.5/lib/redis/client.rb:292:in `ensure_connected'
2013-10-31T16:03:47Z 7609 TID-zk6cw ERROR: /usr/local/rvm/gems/ruby-1.9.2-p320/gems/redis-3.0.5/lib/redis/client.rb:179:in `block in process'
2013-10-31T16:03:47Z 7609 TID-zk6cw ERROR: /usr/local/rvm/gems/ruby-1.9.2-p320/gems/redis-3.0.5/lib/redis/client.rb:258:in `logging'
2013-10-31T16:03:47Z 7609 TID-zk6cw ERROR: /usr/local/rvm/gems/ruby-1.9.2-p320/gems/redis-3.0.5/lib/redis/client.rb:178:in `process'
2013-10-31T16:03:47Z 7609 TID-zk6cw ERROR: /usr/local/rvm/gems/ruby-1.9.2-p320/gems/redis-3.0.5/lib/redis/client.rb:84:in `call'
2013-10-31T16:03:47Z 7609 TID-zk6cw ERROR: /usr/local/rvm/gems/ruby-1.9.2-p320/gems/redis-3.0.5/lib/redis/client.rb:167:in `block in call_with_timeout'
2013-10-31T16:03:47Z 7609 TID-zk6cw ERROR: /usr/local/rvm/gems/ruby-1.9.2-p320/gems/redis-3.0.5/lib/redis/client.rb:232:in `with_socket_timeout'
2013-10-31T16:03:47Z 7609 TID-zk6cw ERROR: /usr/local/rvm/gems/ruby-1.9.2-p320/gems/redis-3.0.5/lib/redis/client.rb:166:in `call_with_timeout'
2013-10-31T16:03:47Z 7609 TID-zk6cw ERROR: /usr/local/rvm/gems/ruby-1.9.2-p320/gems/redis-3.0.5/lib/redis.rb:1039:in `block in _bpop'
2013-10-31T16:03:47Z 7609 TID-zk6cw ERROR: /usr/local/rvm/gems/ruby-1.9.2-p320/gems/redis-3.0.5/lib/redis.rb:36:in `block in synchronize'
2013-10-31T16:03:47Z 7609 TID-zk6cw ERROR: /usr/local/rvm/rubies/ruby-1.9.2-p320/lib/ruby/1.9.1/monitor.rb:201:in `mon_synchronize'
2013-10-31T16:03:47Z 7609 TID-zk6cw ERROR: /usr/local/rvm/gems/ruby-1.9.2-p320/gems/redis-3.0.5/lib/redis.rb:36:in `synchronize'
2013-10-31T16:03:47Z 7609 TID-zk6cw ERROR: /usr/local/rvm/gems/ruby-1.9.2-p320/gems/redis-3.0.5/lib/redis.rb:1036:in `_bpop'
2013-10-31T16:03:47Z 7609 TID-zk6cw ERROR: /usr/local/rvm/gems/ruby-1.9.2-p320/gems/redis-3.0.5/lib/redis.rb:1081:in `brpop'
2013-10-31T16:03:47Z 7609 TID-zk6cw ERROR: /usr/local/rvm/gems/ruby-1.9.2-p320/gems/sidekiq-2.15.1/lib/sidekiq/fetch.rb:89:in `block in retrieve_work'
2013-10-31T16:03:47Z 7609 TID-zk6cw ERROR: /usr/local/rvm/gems/ruby-1.9.2-p320/gems/connection_pool-1.1.0/lib/connection_pool.rb:49:in `with'
2013-10-31T16:03:47Z 7609 TID-zk6cw ERROR: /usr/local/rvm/gems/ruby-1.9.2-p320/gems/sidekiq-2.15.1/lib/sidekiq.rb:67:in `redis'
2013-10-31T16:03:47Z 7609 TID-zk6cw ERROR: /usr/local/rvm/gems/ruby-1.9.2-p320/gems/sidekiq-2.15.1/lib/sidekiq/fetch.rb:89:in `retrieve_work'
2013-10-31T16:03:47Z 7609 TID-zk6cw ERROR: /usr/local/rvm/gems/ruby-1.9.2-p320/gems/sidekiq-2.15.1/lib/sidekiq/fetch.rb:34:in `block in fetch'
2013-10-31T16:03:47Z 7609 TID-zk6cw ERROR: /usr/local/rvm/gems/ruby-1.9.2-p320/gems/sidekiq-2.15.1/lib/sidekiq/util.rb:15:in `watchdog'
2013-10-31T16:03:47Z 7609 TID-zk6cw ERROR: /usr/local/rvm/gems/ruby-1.9.2-p320/gems/sidekiq-2.15.1/lib/sidekiq/fetch.rb:30:in `fetch'
2013-10-31T16:03:47Z 7609 TID-zk6cw ERROR: /usr/local/rvm/gems/ruby-1.9.2-p320/gems/sidekiq-2.15.1/lib/sidekiq/fetch.rb:41:in `block (2 levels) in fetch'
2013-10-31T16:03:47Z 7609 TID-zk6cw ERROR: /usr/local/rvm/gems/ruby-1.9.2-p320/gems/celluloid-0.15.2/lib/celluloid/actor.rb:416:in `block in task'
2013-10-31T16:03:47Z 7609 TID-zk6cw ERROR: /usr/local/rvm/gems/ruby-1.9.2-p320/gems/celluloid-0.15.2/lib/celluloid/tasks.rb:55:in `block in initialize'
2013-10-31T16:03:47Z 7609 TID-zk6cw ERROR: /usr/local/rvm/gems/ruby-1.9.2-p320/gems/celluloid-0.15.2/lib/celluloid/tasks/task_fiber.rb:13:in `block in create'
2013-10-31T16:04:01Z 7609 TID-ou0m5qbso ERROR: Error connecting to Redis on localhost:6379 (ECONNREFUSED)
2013-10-31T16:04:01Z 7609 TID-ou0m5qbso ERROR: /usr/local/rvm/gems/ruby-1.9.2-p320/gems/redis-3.0.5/lib/redis/client.rb:278:in `rescue in establish_connection'
2013-10-31T16:04:12Z 7609 TID-zk6cw INFO: Redis is online, 24.87477970123291 sec downtime
2013-10-31T16:29:02Z 7609 TID-agyu0 INFO: Shutting down
2013-10-31T16:29:02Z 7609 TID-xybe8 INFO: Shutting down 25 quiet workers
2013-10-31T16:29:02Z 7609 TID-zk6cw ERROR: Error fetching message: Error connecting to Redis on localhost:6379 (ECONNREFUSED)
2013-10-31T16:29:02Z 7609 TID-zk6cw ERROR: /usr/local/rvm/gems/ruby-1.9.2-p320/gems/redis-3.0.5/lib/redis/client.rb:278:in `rescue in establish_connection'
2013-10-31T16:29:02Z 7609 TID-zk6cw ERROR: /usr/local/rvm/gems/ruby-1.9.2-p320/gems/redis-3.0.5/lib/redis/client.rb:273:in `establish_connection'
2013-10-31T16:29:02Z 7609 TID-zk6cw ERROR: /usr/local/rvm/gems/ruby-1.9.2-p320/gems/redis-3.0.5/lib/redis/client.rb:69:in `connect'
2013-10-31T16:29:02Z 7609 TID-zk6cw ERROR: /usr/local/rvm/gems/ruby-1.9.2-p320/gems/redis-3.0.5/lib/redis/client.rb:292:in `ensure_connected'
2013-10-31T16:29:02Z 7609 TID-zk6cw ERROR: /usr/local/rvm/gems/ruby-1.9.2-p320/gems/redis-3.0.5/lib/redis/client.rb:179:in `block in process'
2013-10-31T16:29:02Z 7609 TID-zk6cw ERROR: /usr/local/rvm/gems/ruby-1.9.2-p320/gems/redis-3.0.5/lib/redis/client.rb:258:in `logging'
2013-10-31T16:29:02Z 7609 TID-zk6cw ERROR: /usr/local/rvm/gems/ruby-1.9.2-p320/gems/redis-3.0.5/lib/redis/client.rb:178:in `process'
2013-10-31T16:29:02Z 7609 TID-zk6cw ERROR: /usr/local/rvm/gems/ruby-1.9.2-p320/gems/redis-3.0.5/lib/redis/client.rb:84:in `call'
2013-10-31T16:29:02Z 7609 TID-zk6cw ERROR: /usr/local/rvm/gems/ruby-1.9.2-p320/gems/redis-3.0.5/lib/redis/client.rb:167:in `block in call_with_timeout'
2013-10-31T16:29:02Z 7609 TID-zk6cw ERROR: /usr/local/rvm/gems/ruby-1.9.2-p320/gems/redis-3.0.5/lib/redis/client.rb:232:in `with_socket_timeout'
2013-10-31T16:29:02Z 7609 TID-zk6cw ERROR: /usr/local/rvm/gems/ruby-1.9.2-p320/gems/redis-3.0.5/lib/redis/client.rb:166:in `call_with_timeout'
2013-10-31T16:29:02Z 7609 TID-zk6cw ERROR: /usr/local/rvm/gems/ruby-1.9.2-p320/gems/redis-3.0.5/lib/redis.rb:1039:in `block in _bpop'
2013-10-31T16:29:02Z 7609 TID-zk6cw ERROR: /usr/local/rvm/gems/ruby-1.9.2-p320/gems/redis-3.0.5/lib/redis.rb:36:in `block in synchronize'
2013-10-31T16:29:02Z 7609 TID-zk6cw ERROR: /usr/local/rvm/rubies/ruby-1.9.2-p320/lib/ruby/1.9.1/monitor.rb:201:in `mon_synchronize'
2013-10-31T16:29:02Z 7609 TID-zk6cw ERROR: /usr/local/rvm/gems/ruby-1.9.2-p320/gems/redis-3.0.5/lib/redis.rb:36:in `synchronize'
2013-10-31T16:29:02Z 7609 TID-zk6cw ERROR: /usr/local/rvm/gems/ruby-1.9.2-p320/gems/redis-3.0.5/lib/redis.rb:1036:in `_bpop'
2013-10-31T16:29:02Z 7609 TID-zk6cw ERROR: /usr/local/rvm/gems/ruby-1.9.2-p320/gems/redis-3.0.5/lib/redis.rb:1081:in `brpop'
2013-10-31T16:29:02Z 7609 TID-zk6cw ERROR: /usr/local/rvm/gems/ruby-1.9.2-p320/gems/sidekiq-2.15.1/lib/sidekiq/fetch.rb:89:in `block in retrieve_work'
2013-10-31T16:29:02Z 7609 TID-zk6cw ERROR: /usr/local/rvm/gems/ruby-1.9.2-p320/gems/connection_pool-1.1.0/lib/connection_pool.rb:49:in `with'
2013-10-31T16:29:02Z 7609 TID-zk6cw ERROR: /usr/local/rvm/gems/ruby-1.9.2-p320/gems/sidekiq-2.15.1/lib/sidekiq.rb:67:in `redis'
2013-10-31T16:29:02Z 7609 TID-zk6cw ERROR: /usr/local/rvm/gems/ruby-1.9.2-p320/gems/sidekiq-2.15.1/lib/sidekiq/fetch.rb:89:in `retrieve_work'
2013-10-31T16:29:02Z 7609 TID-zk6cw ERROR: /usr/local/rvm/gems/ruby-1.9.2-p320/gems/sidekiq-2.15.1/lib/sidekiq/fetch.rb:34:in `block in fetch'
2013-10-31T16:29:02Z 7609 TID-zk6cw ERROR: /usr/local/rvm/gems/ruby-1.9.2-p320/gems/sidekiq-2.15.1/lib/sidekiq/util.rb:15:in `watchdog'
2013-10-31T16:29:02Z 7609 TID-zk6cw ERROR: /usr/local/rvm/gems/ruby-1.9.2-p320/gems/sidekiq-2.15.1/lib/sidekiq/fetch.rb:30:in `fetch'
2013-10-31T16:29:02Z 7609 TID-zk6cw ERROR: /usr/local/rvm/gems/ruby-1.9.2-p320/gems/sidekiq-2.15.1/lib/sidekiq/fetch.rb:41:in `block (2 levels) in fetch'
2013-10-31T16:29:02Z 7609 TID-zk6cw ERROR: /usr/local/rvm/gems/ruby-1.9.2-p320/gems/celluloid-0.15.2/lib/celluloid/actor.rb:416:in `block in task'
2013-10-31T16:29:02Z 7609 TID-zk6cw ERROR: /usr/local/rvm/gems/ruby-1.9.2-p320/gems/celluloid-0.15.2/lib/celluloid/tasks.rb:55:in `block in initialize'
2013-10-31T16:29:02Z 7609 TID-zk6cw ERROR: /usr/local/rvm/gems/ruby-1.9.2-p320/gems/celluloid-0.15.2/lib/celluloid/tasks/task_fiber.rb:13:in `block in create'
2013-10-31T16:29:02Z 7609 TID-xybe8 WARN: Unable to clear worker set while shutting down: Error connecting to Redis on localhost:6379 (ECONNREFUSED)
